Arguments: 
  /usr/local/bin/node /usr/local/bin/yarn add koa

PATH: 
  /Users/bowiego/Library/Android/sdk/platform-tools:/Users/bowiego/Library/Android/sdk/tools:/usr/local/bin:/usr/local/sbib:/usr/local/opt/php70/sbin:/usr/local/opt/php70/bin:/usr/local/sbin:/usr/local/sbin:/Users/bowiego/.nvm/versions/node/v4.2.3/bin:/usr/local/bin:/usr/bin:/bin:/usr/sbin:/sbin

Yarn version: 
  1.3.2

Node version: 
  8.9.1

Platform: 
  darwin x64

npm manifest: 
  {
    "name": "mini-mall",
    "version": "1.0.0",
    "description": "a nodejs mall back-end project",
    "main": "index.js",
    "scripts": {
      "test": "test"
    },
    "author": "Bowiego",
    "license": null
  }

yarn manifest: 
  No manifest

Lockfile: 
  No lockfile

Trace: 
  Error: connect ENETUNREACH 114.55.80.225:443 - Local (0.0.0.0:55024)
      at Object._errnoException (util.js:1024:11)
      at _exceptionWithHostPort (util.js:1046:20)
      at internalConnect (net.js:971:16)
      at emitLookup (net.js:1106:7)
      at /usr/local/lib/node_modules/yarn/lib/cli.js:94209:28
      at /usr/local/lib/node_modules/yarn/lib/cli.js:94118:13
      at RawTask.module.exports.RawTask.call (/usr/local/lib/node_modules/yarn/lib/cli.js:78685:19)
      at flush (/usr/local/lib/node_modules/yarn/lib/cli.js:78767:29)
      at _combinedTickCallback (internal/process/next_tick.js:131:7)
      at process._tickCallback (internal/process/next_tick.js:180:9)
